<?xml version="1.0" encoding="UTF-8"?>
<!-- Generated by org.testng.reporters.JUnitReportReporter -->
<testsuite skipped="0" hostname="DESKTOP-GIVLCA8" name="testpackage.graphql" tests="1" failures="0" timestamp="2022-12-26T12:22:03 IST" time="2.472" errors="0">
  <testcase name="test1" time="2.472" classname="testpackage.graphql"/>
  <system-out/>
</testsuite> <!-- testpackage.graphql -->
