<?xml version="1.0" encoding="UTF-8"?>
<!-- Generated by org.testng.reporters.JUnitReportReporter -->
<testsuite skipped="0" hostname="DESKTOP-GIVLCA8" name="testpackage.Demo2" tests="1" failures="0" timestamp="2022-12-26T13:31:55 IST" time="3.699" errors="0">
  <testcase name="test2" time="3.699" classname="testpackage.Demo2"/>
  <system-out/>
</testsuite> <!-- testpackage.Demo2 -->
